<?xml version="1.0" encoding="UTF-8"?>
<!-- Generated by org.testng.reporters.JUnitXMLReporter -->
<testsuite ignored="7" hostname="DESKTOP-N7AV2BE" failures="0" tests="1" name="Default test" time="15.479" errors="0" timestamp="2025-01-07T18:18:08 EET">
  <testcase classname="TestCases" name="Web_Table_Example" time="1.168"/>
  <testcase classname="TestCases" name="Dynamic_Dropdown_Example" time="0.0">
    <ignored/>
  </testcase> <!-- Dynamic_Dropdown_Example -->
  <testcase classname="TestCases" name="Switch_Tab_Example" time="0.0">
    <ignored/>
  </testcase> <!-- Switch_Tab_Example -->
  <testcase classname="TestCases" name="Static_Dropdown_Example" time="0.0">
    <ignored/>
  </testcase> <!-- Static_Dropdown_Example -->
  <testcase classname="TestCases" name="Switch_To_Alert_Example" time="0.0">
    <ignored/>
  </testcase> <!-- Switch_To_Alert_Example -->
  <testcase classname="TestCases" name="Switch_Window_Example" time="0.0">
    <ignored/>
  </testcase> <!-- Switch_Window_Example -->
  <testcase classname="TestCases" name="Checkbox_Example" time="0.0">
    <ignored/>
  </testcase> <!-- Checkbox_Example -->
  <testcase classname="TestCases" name="Radio_Button_Example" time="0.0">
    <ignored/>
  </testcase> <!-- Radio_Button_Example -->
</testsuite> <!-- Default test -->
