<?xml version="1.0" encoding="UTF-8"?>
<testng-results ignored="7" total="8" passed="1" failed="0" skipped="0">
  <reporter-output>
  </reporter-output>
  <suite started-at="2025-01-07T18:17:52 EET" name="Default suite" finished-at="2025-01-07T18:18:08 EET" duration-ms="15479">
    <groups>
    </groups>
    <test started-at="2025-01-07T18:17:52 EET" name="Default test" finished-at="2025-01-07T18:18:08 EET" duration-ms="15479">
      <class name="TestCases">
        <test-method is-config="true" signature="mySetup()[pri:0, instance:TestCases@5ef6ae06]" started-at="2025-01-07T18:17:52 EET" name="mySetup" finished-at="2025-01-07T18:18:07 EET" duration-ms="14220" status="PASS">
          <reporter-output>
          </reporter-output>
        </test-method> <!-- mySetup -->
        <test-method signature="Web_Table_Example()[pri:8, instance:TestCases@5ef6ae06]" started-at="2025-01-07T18:18:07 EET" name="Web_Table_Example" description=" play with the data of the column " finished-at="2025-01-07T18:18:08 EET" duration-ms="1168" status="PASS">
          <reporter-output>
          </reporter-output>
        </test-method> <!-- Web_Table_Example -->
      </class> <!-- TestCases -->
    </test> <!-- Default test -->
  </suite> <!-- Default suite -->
</testng-results>
